05/07/2020 03:54:58: PM - INFO: 	File di logging inizializzato.
05/07/2020 03:54:58: PM - DEBUG: 	Loaded backend module://ipykernel.pylab.backend_inline version unknown.
05/07/2020 03:54:58: PM - INFO: 	Started augmenting data excluding NONE
05/07/2020 03:55:43: PM - INFO: 	Started augmentation excluding: None, n_elements: 140
05/07/2020 03:55:44: PM - INFO: 	Finished augmentation excluding: None, n_elements: 140
05/07/2020 03:56:25: PM - INFO: 	Started augmentation excluding: None, n_elements: 160
05/07/2020 03:56:25: PM - INFO: 	Finished augmentation excluding: None, n_elements: 160
05/07/2020 03:57:13: PM - INFO: 	Started augmentation excluding: None, n_elements: 180
05/07/2020 03:57:13: PM - INFO: 	Finished augmentation excluding: None, n_elements: 180
05/07/2020 03:57:59: PM - INFO: 	Started augmentation excluding: None, n_elements: 200
05/07/2020 03:58:00: PM - INFO: 	Finished augmentation excluding: None, n_elements: 200
05/07/2020 03:58:54: PM - INFO: 	Started augmentation excluding: None, n_elements: 300
05/07/2020 03:58:56: PM - INFO: 	Finished augmentation excluding: None, n_elements: 300
05/07/2020 04:00:10: PM - INFO: 	Started augmentation excluding: None, n_elements: 400
05/07/2020 04:00:14: PM - INFO: 	Finished augmentation excluding: None, n_elements: 400
05/07/2020 04:01:46: PM - INFO: 	Started augmentation excluding: None, n_elements: 500
05/07/2020 04:01:51: PM - INFO: 	Finished augmentation excluding: None, n_elements: 500
05/07/2020 04:03:28: PM - INFO: 	Started augmentation excluding: None, n_elements: 600
05/07/2020 04:03:34: PM - INFO: 	Finished augmentation excluding: None, n_elements: 600
05/07/2020 04:05:55: PM - INFO: 	Started augmentation excluding: None, n_elements: 700
05/07/2020 04:06:02: PM - INFO: 	Finished augmentation excluding: None, n_elements: 700
05/07/2020 04:08:03: PM - INFO: 	Started augmentation excluding: None, n_elements: 800
05/07/2020 04:08:11: PM - INFO: 	Finished augmentation excluding: None, n_elements: 800
05/07/2020 04:10:44: PM - INFO: 	Started augmentation excluding: None, n_elements: 900
05/07/2020 04:10:55: PM - INFO: 	Finished augmentation excluding: None, n_elements: 900
05/07/2020 04:14:23: PM - INFO: 	Started augmentation excluding: SESSO, n_elements: 140
05/07/2020 04:14:23: PM - INFO: 	Finished augmentation excluding: SESSO, n_elements: 140
05/07/2020 04:15:07: PM - INFO: 	Started augmentation excluding: SESSO, n_elements: 160
05/07/2020 04:15:07: PM - INFO: 	Finished augmentation excluding: SESSO, n_elements: 160
05/07/2020 04:15:52: PM - INFO: 	Started augmentation excluding: SESSO, n_elements: 180
05/07/2020 04:15:52: PM - INFO: 	Finished augmentation excluding: SESSO, n_elements: 180
05/07/2020 04:16:38: PM - INFO: 	Started augmentation excluding: SESSO, n_elements: 200
05/07/2020 04:16:39: PM - INFO: 	Finished augmentation excluding: SESSO, n_elements: 200
05/07/2020 04:17:24: PM - INFO: 	Started augmentation excluding: SESSO, n_elements: 300
05/07/2020 04:17:26: PM - INFO: 	Finished augmentation excluding: SESSO, n_elements: 300
05/07/2020 04:18:34: PM - INFO: 	Started augmentation excluding: SESSO, n_elements: 400
05/07/2020 04:18:38: PM - INFO: 	Finished augmentation excluding: SESSO, n_elements: 400
05/07/2020 04:19:52: PM - INFO: 	Started augmentation excluding: SESSO, n_elements: 500
05/07/2020 04:19:57: PM - INFO: 	Finished augmentation excluding: SESSO, n_elements: 500
05/07/2020 04:21:22: PM - INFO: 	Started augmentation excluding: SESSO, n_elements: 600
05/07/2020 04:21:29: PM - INFO: 	Finished augmentation excluding: SESSO, n_elements: 600
05/07/2020 04:23:16: PM - INFO: 	Started augmentation excluding: SESSO, n_elements: 700
05/07/2020 04:23:24: PM - INFO: 	Finished augmentation excluding: SESSO, n_elements: 700
05/07/2020 04:25:15: PM - INFO: 	Started augmentation excluding: SESSO, n_elements: 800
05/07/2020 04:25:24: PM - INFO: 	Finished augmentation excluding: SESSO, n_elements: 800
05/07/2020 04:27:39: PM - INFO: 	Started augmentation excluding: SESSO, n_elements: 900
05/07/2020 04:27:48: PM - INFO: 	Finished augmentation excluding: SESSO, n_elements: 900
05/07/2020 04:30:46: PM - INFO: 	Started augmentation excluding: ANNI, n_elements: 140
05/07/2020 04:30:46: PM - INFO: 	Finished augmentation excluding: ANNI, n_elements: 140
05/07/2020 04:31:30: PM - INFO: 	Started augmentation excluding: ANNI, n_elements: 160
05/07/2020 04:31:31: PM - INFO: 	Finished augmentation excluding: ANNI, n_elements: 160
05/07/2020 04:32:14: PM - INFO: 	Started augmentation excluding: ANNI, n_elements: 180
05/07/2020 04:32:15: PM - INFO: 	Finished augmentation excluding: ANNI, n_elements: 180
05/07/2020 04:33:01: PM - INFO: 	Started augmentation excluding: ANNI, n_elements: 200
05/07/2020 04:33:01: PM - INFO: 	Finished augmentation excluding: ANNI, n_elements: 200
05/07/2020 04:33:48: PM - INFO: 	Started augmentation excluding: ANNI, n_elements: 300
05/07/2020 04:33:51: PM - INFO: 	Finished augmentation excluding: ANNI, n_elements: 300
05/07/2020 04:35:07: PM - INFO: 	Started augmentation excluding: ANNI, n_elements: 400
05/07/2020 04:35:11: PM - INFO: 	Finished augmentation excluding: ANNI, n_elements: 400
05/07/2020 04:36:35: PM - INFO: 	Started augmentation excluding: ANNI, n_elements: 500
05/07/2020 04:36:40: PM - INFO: 	Finished augmentation excluding: ANNI, n_elements: 500
05/07/2020 04:38:06: PM - INFO: 	Started augmentation excluding: ANNI, n_elements: 600
05/07/2020 04:38:12: PM - INFO: 	Finished augmentation excluding: ANNI, n_elements: 600
05/07/2020 04:40:00: PM - INFO: 	Started augmentation excluding: ANNI, n_elements: 700
05/07/2020 04:40:07: PM - INFO: 	Finished augmentation excluding: ANNI, n_elements: 700
05/07/2020 04:41:56: PM - INFO: 	Started augmentation excluding: ANNI, n_elements: 800
05/07/2020 04:42:05: PM - INFO: 	Finished augmentation excluding: ANNI, n_elements: 800
05/07/2020 04:44:16: PM - INFO: 	Started augmentation excluding: ANNI, n_elements: 900
05/07/2020 04:44:26: PM - INFO: 	Finished augmentation excluding: ANNI, n_elements: 900
05/07/2020 04:47:29: PM - INFO: 	Started augmentation excluding: PESO, n_elements: 140
05/07/2020 04:47:30: PM - INFO: 	Finished augmentation excluding: PESO, n_elements: 140
05/07/2020 04:48:16: PM - INFO: 	Started augmentation excluding: PESO, n_elements: 160
05/07/2020 04:48:17: PM - INFO: 	Finished augmentation excluding: PESO, n_elements: 160
05/07/2020 04:49:08: PM - INFO: 	Started augmentation excluding: PESO, n_elements: 180
05/07/2020 04:49:09: PM - INFO: 	Finished augmentation excluding: PESO, n_elements: 180
05/07/2020 04:49:57: PM - INFO: 	Started augmentation excluding: PESO, n_elements: 200
05/07/2020 04:49:58: PM - INFO: 	Finished augmentation excluding: PESO, n_elements: 200
05/07/2020 04:50:51: PM - INFO: 	Started augmentation excluding: PESO, n_elements: 300
05/07/2020 04:50:53: PM - INFO: 	Finished augmentation excluding: PESO, n_elements: 300
05/07/2020 04:52:11: PM - INFO: 	Started augmentation excluding: PESO, n_elements: 400
05/07/2020 04:52:15: PM - INFO: 	Finished augmentation excluding: PESO, n_elements: 400
05/07/2020 04:53:45: PM - INFO: 	Started augmentation excluding: PESO, n_elements: 500
05/07/2020 04:53:51: PM - INFO: 	Finished augmentation excluding: PESO, n_elements: 500
05/07/2020 04:55:18: PM - INFO: 	Started augmentation excluding: PESO, n_elements: 600
05/07/2020 04:55:26: PM - INFO: 	Finished augmentation excluding: PESO, n_elements: 600
05/07/2020 04:57:26: PM - INFO: 	Started augmentation excluding: PESO, n_elements: 700
05/07/2020 04:57:36: PM - INFO: 	Finished augmentation excluding: PESO, n_elements: 700
05/07/2020 04:59:35: PM - INFO: 	Started augmentation excluding: PESO, n_elements: 800
05/07/2020 04:59:48: PM - INFO: 	Finished augmentation excluding: PESO, n_elements: 800
05/07/2020 05:02:16: PM - INFO: 	Started augmentation excluding: PESO, n_elements: 900
05/07/2020 05:02:32: PM - INFO: 	Finished augmentation excluding: PESO, n_elements: 900
05/07/2020 05:05:59: PM - INFO: 	Started augmentation excluding: ALTEZZA, n_elements: 140
05/07/2020 05:05:59: PM - INFO: 	Finished augmentation excluding: ALTEZZA, n_elements: 140
05/07/2020 05:06:48: PM - INFO: 	Started augmentation excluding: ALTEZZA, n_elements: 160
05/07/2020 05:06:49: PM - INFO: 	Finished augmentation excluding: ALTEZZA, n_elements: 160
05/07/2020 05:07:38: PM - INFO: 	Started augmentation excluding: ALTEZZA, n_elements: 180
05/07/2020 05:07:39: PM - INFO: 	Finished augmentation excluding: ALTEZZA, n_elements: 180
05/07/2020 05:08:28: PM - INFO: 	Started augmentation excluding: ALTEZZA, n_elements: 200
05/07/2020 05:08:29: PM - INFO: 	Finished augmentation excluding: ALTEZZA, n_elements: 200
05/07/2020 05:09:27: PM - INFO: 	Started augmentation excluding: ALTEZZA, n_elements: 300
05/07/2020 05:09:29: PM - INFO: 	Finished augmentation excluding: ALTEZZA, n_elements: 300
05/07/2020 05:10:49: PM - INFO: 	Started augmentation excluding: ALTEZZA, n_elements: 400
05/07/2020 05:10:52: PM - INFO: 	Finished augmentation excluding: ALTEZZA, n_elements: 400
05/07/2020 05:12:22: PM - INFO: 	Started augmentation excluding: ALTEZZA, n_elements: 500
05/07/2020 05:12:27: PM - INFO: 	Finished augmentation excluding: ALTEZZA, n_elements: 500
05/07/2020 05:13:52: PM - INFO: 	Started augmentation excluding: ALTEZZA, n_elements: 600
05/07/2020 05:13:58: PM - INFO: 	Finished augmentation excluding: ALTEZZA, n_elements: 600
05/07/2020 05:16:09: PM - INFO: 	Started augmentation excluding: ALTEZZA, n_elements: 700
05/07/2020 05:16:16: PM - INFO: 	Finished augmentation excluding: ALTEZZA, n_elements: 700
05/07/2020 05:18:26: PM - INFO: 	Started augmentation excluding: ALTEZZA, n_elements: 800
05/07/2020 05:18:34: PM - INFO: 	Finished augmentation excluding: ALTEZZA, n_elements: 800
05/07/2020 05:21:21: PM - INFO: 	Started augmentation excluding: ALTEZZA, n_elements: 900
05/07/2020 05:21:31: PM - INFO: 	Finished augmentation excluding: ALTEZZA, n_elements: 900
05/07/2020 05:25:00: PM - INFO: 	Started augmentation excluding: BMI, n_elements: 140
05/07/2020 05:25:01: PM - INFO: 	Finished augmentation excluding: BMI, n_elements: 140
05/07/2020 05:25:48: PM - INFO: 	Started augmentation excluding: BMI, n_elements: 160
05/07/2020 05:25:48: PM - INFO: 	Finished augmentation excluding: BMI, n_elements: 160
05/07/2020 05:26:37: PM - INFO: 	Started augmentation excluding: BMI, n_elements: 180
05/07/2020 05:26:38: PM - INFO: 	Finished augmentation excluding: BMI, n_elements: 180
05/07/2020 05:27:30: PM - INFO: 	Started augmentation excluding: BMI, n_elements: 200
05/07/2020 05:27:31: PM - INFO: 	Finished augmentation excluding: BMI, n_elements: 200
05/07/2020 05:28:21: PM - INFO: 	Started augmentation excluding: BMI, n_elements: 300
05/07/2020 05:28:23: PM - INFO: 	Finished augmentation excluding: BMI, n_elements: 300
05/07/2020 05:29:38: PM - INFO: 	Started augmentation excluding: BMI, n_elements: 400
05/07/2020 05:29:41: PM - INFO: 	Finished augmentation excluding: BMI, n_elements: 400
05/07/2020 05:31:08: PM - INFO: 	Started augmentation excluding: BMI, n_elements: 500
05/07/2020 05:31:13: PM - INFO: 	Finished augmentation excluding: BMI, n_elements: 500
05/07/2020 05:32:37: PM - INFO: 	Started augmentation excluding: BMI, n_elements: 600
05/07/2020 05:32:44: PM - INFO: 	Finished augmentation excluding: BMI, n_elements: 600
05/07/2020 05:34:50: PM - INFO: 	Started augmentation excluding: BMI, n_elements: 700
05/07/2020 05:34:57: PM - INFO: 	Finished augmentation excluding: BMI, n_elements: 700
05/07/2020 05:36:58: PM - INFO: 	Started augmentation excluding: BMI, n_elements: 800
05/07/2020 05:37:06: PM - INFO: 	Finished augmentation excluding: BMI, n_elements: 800
05/07/2020 05:39:48: PM - INFO: 	Started augmentation excluding: BMI, n_elements: 900
05/07/2020 05:39:59: PM - INFO: 	Finished augmentation excluding: BMI, n_elements: 900
05/07/2020 05:43:22: PM - INFO: 	Started augmentation excluding: None, n_elements: 140
05/07/2020 05:43:23: PM - INFO: 	Finished augmentation excluding: None, n_elements: 140
05/07/2020 05:44:08: PM - INFO: 	Started augmentation excluding: None, n_elements: 160
05/07/2020 05:44:09: PM - INFO: 	Finished augmentation excluding: None, n_elements: 160
05/07/2020 05:45:00: PM - INFO: 	Started augmentation excluding: None, n_elements: 180
05/07/2020 05:45:01: PM - INFO: 	Finished augmentation excluding: None, n_elements: 180
05/07/2020 05:45:49: PM - INFO: 	Started augmentation excluding: None, n_elements: 200
05/07/2020 05:45:50: PM - INFO: 	Finished augmentation excluding: None, n_elements: 200
05/07/2020 05:46:39: PM - INFO: 	Started augmentation excluding: None, n_elements: 300
05/07/2020 05:46:41: PM - INFO: 	Finished augmentation excluding: None, n_elements: 300
05/07/2020 05:47:58: PM - INFO: 	Started augmentation excluding: None, n_elements: 400
05/07/2020 05:48:01: PM - INFO: 	Finished augmentation excluding: None, n_elements: 400
05/07/2020 05:49:21: PM - INFO: 	Started augmentation excluding: None, n_elements: 500
05/07/2020 05:49:27: PM - INFO: 	Finished augmentation excluding: None, n_elements: 500
05/07/2020 05:50:45: PM - INFO: 	Started augmentation excluding: None, n_elements: 600
05/07/2020 05:50:52: PM - INFO: 	Finished augmentation excluding: None, n_elements: 600
05/07/2020 05:52:33: PM - INFO: 	Started augmentation excluding: None, n_elements: 700
05/07/2020 05:52:41: PM - INFO: 	Finished augmentation excluding: None, n_elements: 700
05/07/2020 05:54:41: PM - INFO: 	Started augmentation excluding: None, n_elements: 800
05/07/2020 05:54:50: PM - INFO: 	Finished augmentation excluding: None, n_elements: 800
05/07/2020 05:56:53: PM - INFO: 	Started augmentation excluding: None, n_elements: 900
05/07/2020 05:57:05: PM - INFO: 	Finished augmentation excluding: None, n_elements: 900
05/07/2020 07:45:54: PM - INFO: 	Started augmentation excluding: None, n_elements: 140
05/07/2020 07:45:54: PM - INFO: 	Finished augmentation excluding: None, n_elements: 140
05/07/2020 07:46:39: PM - INFO: 	Started augmentation excluding: None, n_elements: 160
05/07/2020 07:46:39: PM - INFO: 	Finished augmentation excluding: None, n_elements: 160
05/07/2020 07:47:23: PM - INFO: 	Started augmentation excluding: None, n_elements: 180
05/07/2020 07:47:24: PM - INFO: 	Finished augmentation excluding: None, n_elements: 180
05/07/2020 07:48:11: PM - INFO: 	Started augmentation excluding: None, n_elements: 200
05/07/2020 07:48:12: PM - INFO: 	Finished augmentation excluding: None, n_elements: 200
05/07/2020 07:48:55: PM - INFO: 	Started augmentation excluding: None, n_elements: 300
05/07/2020 07:48:57: PM - INFO: 	Finished augmentation excluding: None, n_elements: 300
05/07/2020 07:50:02: PM - INFO: 	Started augmentation excluding: None, n_elements: 400
05/07/2020 07:50:06: PM - INFO: 	Finished augmentation excluding: None, n_elements: 400
05/07/2020 07:51:16: PM - INFO: 	Started augmentation excluding: None, n_elements: 500
05/07/2020 07:51:21: PM - INFO: 	Finished augmentation excluding: None, n_elements: 500
05/07/2020 07:52:35: PM - INFO: 	Started augmentation excluding: None, n_elements: 600
05/07/2020 07:52:41: PM - INFO: 	Finished augmentation excluding: None, n_elements: 600
05/07/2020 07:54:23: PM - INFO: 	Started augmentation excluding: None, n_elements: 700
05/07/2020 07:54:31: PM - INFO: 	Finished augmentation excluding: None, n_elements: 700
05/07/2020 07:56:10: PM - INFO: 	Started augmentation excluding: None, n_elements: 800
05/07/2020 07:56:19: PM - INFO: 	Finished augmentation excluding: None, n_elements: 800
05/07/2020 07:58:45: PM - INFO: 	Started augmentation excluding: None, n_elements: 900
05/07/2020 07:58:56: PM - INFO: 	Finished augmentation excluding: None, n_elements: 900
05/07/2020 08:01:05: PM - INFO: 	Started augmenting data excluding SESSO
05/07/2020 08:01:48: PM - INFO: 	Started augmentation excluding: SESSO, n_elements: 140
05/07/2020 08:01:48: PM - INFO: 	Finished augmentation excluding: SESSO, n_elements: 140
05/07/2020 08:02:33: PM - INFO: 	Started augmentation excluding: SESSO, n_elements: 160
05/07/2020 08:02:34: PM - INFO: 	Finished augmentation excluding: SESSO, n_elements: 160
05/07/2020 08:03:16: PM - INFO: 	Started augmentation excluding: SESSO, n_elements: 180
05/07/2020 08:03:17: PM - INFO: 	Finished augmentation excluding: SESSO, n_elements: 180
05/07/2020 08:04:01: PM - INFO: 	Started augmentation excluding: SESSO, n_elements: 200
05/07/2020 08:04:02: PM - INFO: 	Finished augmentation excluding: SESSO, n_elements: 200
05/07/2020 08:04:43: PM - INFO: 	Started augmentation excluding: SESSO, n_elements: 300
05/07/2020 08:04:45: PM - INFO: 	Finished augmentation excluding: SESSO, n_elements: 300
05/07/2020 08:05:52: PM - INFO: 	Started augmentation excluding: SESSO, n_elements: 400
05/07/2020 08:05:55: PM - INFO: 	Finished augmentation excluding: SESSO, n_elements: 400
05/07/2020 08:07:05: PM - INFO: 	Started augmentation excluding: SESSO, n_elements: 500
05/07/2020 08:07:10: PM - INFO: 	Finished augmentation excluding: SESSO, n_elements: 500
05/07/2020 08:08:22: PM - INFO: 	Started augmentation excluding: SESSO, n_elements: 600
05/07/2020 08:08:28: PM - INFO: 	Finished augmentation excluding: SESSO, n_elements: 600
05/07/2020 08:10:08: PM - INFO: 	Started augmentation excluding: SESSO, n_elements: 700
05/07/2020 08:10:16: PM - INFO: 	Finished augmentation excluding: SESSO, n_elements: 700
05/07/2020 08:11:50: PM - INFO: 	Started augmentation excluding: SESSO, n_elements: 800
05/07/2020 08:11:59: PM - INFO: 	Finished augmentation excluding: SESSO, n_elements: 800
05/07/2020 08:13:51: PM - INFO: 	Started augmentation excluding: SESSO, n_elements: 900
05/07/2020 08:14:01: PM - INFO: 	Finished augmentation excluding: SESSO, n_elements: 900
05/07/2020 08:15:50: PM - INFO: 	Started augmenting data excluding ANNI
05/07/2020 08:16:34: PM - INFO: 	Started augmentation excluding: ANNI, n_elements: 140
05/07/2020 08:16:34: PM - INFO: 	Finished augmentation excluding: ANNI, n_elements: 140
05/07/2020 08:17:20: PM - INFO: 	Started augmentation excluding: ANNI, n_elements: 160
05/07/2020 08:17:20: PM - INFO: 	Finished augmentation excluding: ANNI, n_elements: 160
05/07/2020 08:18:02: PM - INFO: 	Started augmentation excluding: ANNI, n_elements: 180
05/07/2020 08:18:03: PM - INFO: 	Finished augmentation excluding: ANNI, n_elements: 180
05/07/2020 08:18:47: PM - INFO: 	Started augmentation excluding: ANNI, n_elements: 200
05/07/2020 08:18:48: PM - INFO: 	Finished augmentation excluding: ANNI, n_elements: 200
05/07/2020 08:19:30: PM - INFO: 	Started augmentation excluding: ANNI, n_elements: 300
05/07/2020 08:19:32: PM - INFO: 	Finished augmentation excluding: ANNI, n_elements: 300
05/07/2020 08:20:39: PM - INFO: 	Started augmentation excluding: ANNI, n_elements: 400
05/07/2020 08:20:42: PM - INFO: 	Finished augmentation excluding: ANNI, n_elements: 400
05/07/2020 08:21:59: PM - INFO: 	Started augmentation excluding: ANNI, n_elements: 500
05/07/2020 08:22:04: PM - INFO: 	Finished augmentation excluding: ANNI, n_elements: 500
05/07/2020 08:23:17: PM - INFO: 	Started augmentation excluding: ANNI, n_elements: 600
05/07/2020 08:23:23: PM - INFO: 	Finished augmentation excluding: ANNI, n_elements: 600
05/07/2020 08:24:55: PM - INFO: 	Started augmentation excluding: ANNI, n_elements: 700
05/07/2020 08:25:03: PM - INFO: 	Finished augmentation excluding: ANNI, n_elements: 700
05/07/2020 08:26:33: PM - INFO: 	Started augmentation excluding: ANNI, n_elements: 800
05/07/2020 08:26:42: PM - INFO: 	Finished augmentation excluding: ANNI, n_elements: 800
05/07/2020 08:28:35: PM - INFO: 	Started augmentation excluding: ANNI, n_elements: 900
05/07/2020 08:28:46: PM - INFO: 	Finished augmentation excluding: ANNI, n_elements: 900
05/07/2020 08:30:40: PM - INFO: 	Started augmenting data excluding PESO
05/07/2020 08:31:26: PM - INFO: 	Started augmentation excluding: PESO, n_elements: 140
05/07/2020 08:31:26: PM - INFO: 	Finished augmentation excluding: PESO, n_elements: 140
05/07/2020 08:32:13: PM - INFO: 	Started augmentation excluding: PESO, n_elements: 160
05/07/2020 08:32:14: PM - INFO: 	Finished augmentation excluding: PESO, n_elements: 160
05/07/2020 08:33:04: PM - INFO: 	Started augmentation excluding: PESO, n_elements: 180
05/07/2020 08:33:05: PM - INFO: 	Finished augmentation excluding: PESO, n_elements: 180
05/07/2020 08:33:53: PM - INFO: 	Started augmentation excluding: PESO, n_elements: 200
05/07/2020 08:33:54: PM - INFO: 	Finished augmentation excluding: PESO, n_elements: 200
05/07/2020 08:34:44: PM - INFO: 	Started augmentation excluding: PESO, n_elements: 300
05/07/2020 08:34:47: PM - INFO: 	Finished augmentation excluding: PESO, n_elements: 300
05/07/2020 08:35:57: PM - INFO: 	Started augmentation excluding: PESO, n_elements: 400
05/07/2020 08:36:01: PM - INFO: 	Finished augmentation excluding: PESO, n_elements: 400
05/07/2020 08:37:20: PM - INFO: 	Started augmentation excluding: PESO, n_elements: 500
05/07/2020 08:37:25: PM - INFO: 	Finished augmentation excluding: PESO, n_elements: 500
05/07/2020 08:38:44: PM - INFO: 	Started augmentation excluding: PESO, n_elements: 600
05/07/2020 08:38:51: PM - INFO: 	Finished augmentation excluding: PESO, n_elements: 600
05/07/2020 08:40:34: PM - INFO: 	Started augmentation excluding: PESO, n_elements: 700
05/07/2020 08:40:41: PM - INFO: 	Finished augmentation excluding: PESO, n_elements: 700
05/07/2020 08:42:17: PM - INFO: 	Started augmentation excluding: PESO, n_elements: 800
05/07/2020 08:42:27: PM - INFO: 	Finished augmentation excluding: PESO, n_elements: 800
05/07/2020 08:44:27: PM - INFO: 	Started augmentation excluding: PESO, n_elements: 900
05/07/2020 08:44:38: PM - INFO: 	Finished augmentation excluding: PESO, n_elements: 900
05/07/2020 08:46:59: PM - INFO: 	Started augmenting data excluding ALTEZZA
05/07/2020 08:47:45: PM - INFO: 	Started augmentation excluding: ALTEZZA, n_elements: 140
05/07/2020 08:47:45: PM - INFO: 	Finished augmentation excluding: ALTEZZA, n_elements: 140
05/07/2020 08:48:34: PM - INFO: 	Started augmentation excluding: ALTEZZA, n_elements: 160
05/07/2020 08:48:35: PM - INFO: 	Finished augmentation excluding: ALTEZZA, n_elements: 160
05/07/2020 08:49:23: PM - INFO: 	Started augmentation excluding: ALTEZZA, n_elements: 180
05/07/2020 08:49:23: PM - INFO: 	Finished augmentation excluding: ALTEZZA, n_elements: 180
05/07/2020 08:50:16: PM - INFO: 	Started augmentation excluding: ALTEZZA, n_elements: 200
05/07/2020 08:50:17: PM - INFO: 	Finished augmentation excluding: ALTEZZA, n_elements: 200
05/07/2020 08:51:06: PM - INFO: 	Started augmentation excluding: ALTEZZA, n_elements: 300
05/07/2020 08:51:08: PM - INFO: 	Finished augmentation excluding: ALTEZZA, n_elements: 300
05/07/2020 08:52:20: PM - INFO: 	Started augmentation excluding: ALTEZZA, n_elements: 400
05/07/2020 08:52:24: PM - INFO: 	Finished augmentation excluding: ALTEZZA, n_elements: 400
05/07/2020 08:53:43: PM - INFO: 	Started augmentation excluding: ALTEZZA, n_elements: 500
05/07/2020 08:53:48: PM - INFO: 	Finished augmentation excluding: ALTEZZA, n_elements: 500
05/07/2020 08:55:08: PM - INFO: 	Started augmentation excluding: ALTEZZA, n_elements: 600
05/07/2020 08:55:15: PM - INFO: 	Finished augmentation excluding: ALTEZZA, n_elements: 600
05/07/2020 08:57:18: PM - INFO: 	Started augmentation excluding: ALTEZZA, n_elements: 700
05/07/2020 08:57:26: PM - INFO: 	Finished augmentation excluding: ALTEZZA, n_elements: 700
05/07/2020 08:59:17: PM - INFO: 	Started augmentation excluding: ALTEZZA, n_elements: 800
05/07/2020 08:59:26: PM - INFO: 	Finished augmentation excluding: ALTEZZA, n_elements: 800
05/07/2020 09:01:58: PM - INFO: 	Started augmentation excluding: ALTEZZA, n_elements: 900
05/07/2020 09:02:08: PM - INFO: 	Finished augmentation excluding: ALTEZZA, n_elements: 900
05/07/2020 09:04:14: PM - INFO: 	Started augmenting data excluding BMI
05/07/2020 09:04:59: PM - INFO: 	Started augmentation excluding: BMI, n_elements: 140
05/07/2020 09:04:59: PM - INFO: 	Finished augmentation excluding: BMI, n_elements: 140
05/07/2020 09:05:48: PM - INFO: 	Started augmentation excluding: BMI, n_elements: 160
05/07/2020 09:05:49: PM - INFO: 	Finished augmentation excluding: BMI, n_elements: 160
05/07/2020 09:06:38: PM - INFO: 	Started augmentation excluding: BMI, n_elements: 180
05/07/2020 09:06:39: PM - INFO: 	Finished augmentation excluding: BMI, n_elements: 180
05/07/2020 09:07:27: PM - INFO: 	Started augmentation excluding: BMI, n_elements: 200
05/07/2020 09:07:28: PM - INFO: 	Finished augmentation excluding: BMI, n_elements: 200
05/07/2020 09:08:18: PM - INFO: 	Started augmentation excluding: BMI, n_elements: 300
05/07/2020 09:08:20: PM - INFO: 	Finished augmentation excluding: BMI, n_elements: 300
05/07/2020 09:09:33: PM - INFO: 	Started augmentation excluding: BMI, n_elements: 400
05/07/2020 09:09:37: PM - INFO: 	Finished augmentation excluding: BMI, n_elements: 400
05/07/2020 09:10:59: PM - INFO: 	Started augmentation excluding: BMI, n_elements: 500
05/07/2020 09:11:04: PM - INFO: 	Finished augmentation excluding: BMI, n_elements: 500
05/07/2020 09:12:30: PM - INFO: 	Started augmentation excluding: BMI, n_elements: 600
05/07/2020 09:12:37: PM - INFO: 	Finished augmentation excluding: BMI, n_elements: 600
05/07/2020 09:14:09: PM - INFO: 	Started augmentation excluding: BMI, n_elements: 700
05/07/2020 09:14:17: PM - INFO: 	Finished augmentation excluding: BMI, n_elements: 700
05/07/2020 09:15:56: PM - INFO: 	Started augmentation excluding: BMI, n_elements: 800
05/07/2020 09:16:05: PM - INFO: 	Finished augmentation excluding: BMI, n_elements: 800
05/07/2020 09:18:02: PM - INFO: 	Started augmentation excluding: BMI, n_elements: 900
05/07/2020 09:18:12: PM - INFO: 	Finished augmentation excluding: BMI, n_elements: 900
05/07/2020 09:35:55: PM - DEBUG: 	diff parser start
05/07/2020 09:35:55: PM - DEBUG: 	line_lengths old: 1; new: 3
05/07/2020 09:35:55: PM - DEBUG: 	-> code[replace] old[1:1] new[1:3]
05/07/2020 09:35:55: PM - DEBUG: 	parse_part from 1 to 3 (to 2 in part parser)
05/07/2020 09:35:55: PM - DEBUG: 	diff parser end
05/07/2020 09:35:55: PM - DEBUG: 	pickle loaded: /home/mario/anaconda3/lib/python3.7/site-packages/matplotlib/pyplot.py
05/07/2020 09:36:02: PM - DEBUG: 	diff parser start
05/07/2020 09:36:02: PM - DEBUG: 	line_lengths old: 3; new: 3
05/07/2020 09:36:02: PM - DEBUG: 	-> code[equal] old[1:2] new[1:2]
05/07/2020 09:36:02: PM - DEBUG: 	copy old[1:1] new[1:1]
05/07/2020 09:36:02: PM - DEBUG: 	parse_part from 2 to 3 (to 2 in part parser)
05/07/2020 09:36:02: PM - DEBUG: 	-> code[replace] old[3:3] new[3:3]
05/07/2020 09:36:02: PM - DEBUG: 	diff parser end
05/07/2020 09:36:03: PM - DEBUG: 	diff parser start
05/07/2020 09:36:03: PM - DEBUG: 	line_lengths old: 3; new: 3
05/07/2020 09:36:03: PM - DEBUG: 	-> code[equal] old[1:2] new[1:2]
05/07/2020 09:36:03: PM - DEBUG: 	copy old[1:1] new[1:1]
05/07/2020 09:36:03: PM - DEBUG: 	parse_part from 2 to 3 (to 2 in part parser)
05/07/2020 09:36:03: PM - DEBUG: 	-> code[replace] old[3:3] new[3:3]
05/07/2020 09:36:03: PM - DEBUG: 	diff parser end
05/07/2020 09:36:05: PM - DEBUG: 	update_title_pos
05/07/2020 09:36:05: PM - DEBUG: 	findfont: Matching :family=sans-serif:style=normal:variant=normal:weight=normal:stretch=normal:size=10.0 to DejaVu Sans ('/home/mario/anaconda3/lib/python3.7/site-packages/matplotlib/mpl-data/fonts/ttf/DejaVuSans.ttf') with score of 0.050000.
05/07/2020 09:36:05: PM - DEBUG: 	update_title_pos
05/07/2020 09:36:05: PM - DEBUG: 	update_title_pos
05/07/2020 09:36:05: PM - DEBUG: 	update_title_pos
05/07/2020 09:36:05: PM - DEBUG: 	update_title_pos
05/07/2020 09:40:13: PM - DEBUG: 	update_title_pos
05/07/2020 09:40:13: PM - DEBUG: 	update_title_pos
05/07/2020 09:40:13: PM - DEBUG: 	update_title_pos
05/07/2020 09:40:13: PM - DEBUG: 	update_title_pos
05/07/2020 09:41:44: PM - DEBUG: 	diff parser start
05/07/2020 09:41:44: PM - DEBUG: 	line_lengths old: 3; new: 3
05/07/2020 09:41:44: PM - DEBUG: 	-> code[replace] old[1:3] new[1:3]
05/07/2020 09:41:44: PM - DEBUG: 	parse_part from 1 to 3 (to 2 in part parser)
05/07/2020 09:41:44: PM - DEBUG: 	diff parser end
05/07/2020 09:41:44: PM - DEBUG: 	pickle loaded: /home/mario/anaconda3/lib/python3.7/site-packages/IPython/core/autocall.py
05/07/2020 09:41:50: PM - DEBUG: 	update_title_pos
05/07/2020 09:41:50: PM - DEBUG: 	update_title_pos
05/07/2020 09:41:50: PM - DEBUG: 	update_title_pos
05/07/2020 09:41:50: PM - DEBUG: 	update_title_pos
05/07/2020 09:41:58: PM - DEBUG: 	update_title_pos
05/07/2020 09:41:58: PM - DEBUG: 	update_title_pos
05/07/2020 09:41:58: PM - DEBUG: 	update_title_pos
05/07/2020 09:41:58: PM - DEBUG: 	update_title_pos
05/07/2020 09:42:38: PM - DEBUG: 	diff parser start
05/07/2020 09:42:38: PM - DEBUG: 	line_lengths old: 3; new: 3
05/07/2020 09:42:38: PM - DEBUG: 	-> code[replace] old[1:3] new[1:3]
05/07/2020 09:42:38: PM - DEBUG: 	parse_part from 1 to 3 (to 2 in part parser)
05/07/2020 09:42:38: PM - DEBUG: 	diff parser end
05/07/2020 09:43:22: PM - DEBUG: 	update_title_pos
05/07/2020 09:43:22: PM - DEBUG: 	update_title_pos
05/07/2020 09:43:22: PM - DEBUG: 	update_title_pos
05/07/2020 09:43:22: PM - DEBUG: 	update_title_pos
05/07/2020 09:45:43: PM - DEBUG: 	diff parser start
05/07/2020 09:45:43: PM - DEBUG: 	line_lengths old: 3; new: 6
05/07/2020 09:45:43: PM - DEBUG: 	-> code[equal] old[1:2] new[1:2]
05/07/2020 09:45:43: PM - DEBUG: 	copy old[1:1] new[1:1]
05/07/2020 09:45:43: PM - DEBUG: 	parse_part from 2 to 3 (to 3 in part parser)
05/07/2020 09:45:43: PM - DEBUG: 	-> code[replace] old[3:3] new[3:6]
05/07/2020 09:45:43: PM - DEBUG: 	parse_part from 4 to 6 (to 5 in part parser)
05/07/2020 09:45:43: PM - DEBUG: 	diff parser end
05/07/2020 09:45:44: PM - DEBUG: 	diff parser start
05/07/2020 09:45:44: PM - DEBUG: 	line_lengths old: 6; new: 6
05/07/2020 09:45:44: PM - DEBUG: 	-> code[equal] old[1:5] new[1:5]
05/07/2020 09:45:44: PM - DEBUG: 	copy old[1:3] new[1:3]
05/07/2020 09:45:44: PM - DEBUG: 	parse_part from 4 to 6 (to 5 in part parser)
05/07/2020 09:45:44: PM - DEBUG: 	-> code[replace] old[6:6] new[6:6]
05/07/2020 09:45:44: PM - DEBUG: 	diff parser end
05/07/2020 09:45:47: PM - DEBUG: 	diff parser start
05/07/2020 09:45:47: PM - DEBUG: 	line_lengths old: 6; new: 6
05/07/2020 09:45:47: PM - DEBUG: 	-> code[equal] old[1:5] new[1:5]
05/07/2020 09:45:47: PM - DEBUG: 	copy old[1:3] new[1:3]
05/07/2020 09:45:47: PM - DEBUG: 	parse_part from 4 to 6 (to 5 in part parser)
05/07/2020 09:45:47: PM - DEBUG: 	-> code[replace] old[6:6] new[6:6]
05/07/2020 09:45:47: PM - DEBUG: 	diff parser end
05/07/2020 09:45:48: PM - DEBUG: 	update_title_pos
05/07/2020 09:45:48: PM - DEBUG: 	update_title_pos
05/07/2020 09:45:48: PM - DEBUG: 	update_title_pos
05/07/2020 09:45:48: PM - DEBUG: 	update_title_pos
05/07/2020 09:45:58: PM - DEBUG: 	update_title_pos
05/07/2020 09:45:58: PM - DEBUG: 	update_title_pos
05/07/2020 09:45:58: PM - DEBUG: 	update_title_pos
05/07/2020 09:45:58: PM - DEBUG: 	update_title_pos
05/07/2020 10:06:27: PM - DEBUG: 	update_title_pos
05/07/2020 10:06:27: PM - DEBUG: 	update_title_pos
05/07/2020 10:06:27: PM - DEBUG: 	update_title_pos
05/07/2020 10:06:27: PM - DEBUG: 	update_title_pos
05/07/2020 10:06:37: PM - DEBUG: 	update_title_pos
05/07/2020 10:06:37: PM - DEBUG: 	update_title_pos
05/07/2020 10:06:37: PM - DEBUG: 	update_title_pos
05/07/2020 10:06:37: PM - DEBUG: 	update_title_pos
05/07/2020 10:09:08: PM - DEBUG: 	diff parser start
05/07/2020 10:09:08: PM - DEBUG: 	line_lengths old: 6; new: 3
05/07/2020 10:09:08: PM - DEBUG: 	-> code[equal] old[1:2] new[1:2]
05/07/2020 10:09:08: PM - DEBUG: 	copy old[1:1] new[1:1]
05/07/2020 10:09:08: PM - DEBUG: 	parse_part from 2 to 3 (to 2 in part parser)
05/07/2020 10:09:08: PM - DEBUG: 	-> code[replace] old[3:6] new[3:3]
05/07/2020 10:09:08: PM - DEBUG: 	diff parser end
05/07/2020 10:09:20: PM - DEBUG: 	update_title_pos
05/07/2020 10:09:20: PM - DEBUG: 	update_title_pos
05/07/2020 10:09:20: PM - DEBUG: 	update_title_pos
05/07/2020 10:09:20: PM - DEBUG: 	update_title_pos
05/07/2020 10:47:52: PM - DEBUG: 	diff parser start
05/07/2020 10:47:52: PM - DEBUG: 	line_lengths old: 3; new: 1
05/07/2020 10:47:52: PM - DEBUG: 	-> code[replace] old[1:3] new[1:1]
05/07/2020 10:47:52: PM - DEBUG: 	parse_part from 1 to 1 (to 0 in part parser)
05/07/2020 10:47:52: PM - DEBUG: 	diff parser end
05/07/2020 10:47:53: PM - DEBUG: 	diff parser start
05/07/2020 10:47:53: PM - DEBUG: 	line_lengths old: 1; new: 1
05/07/2020 10:47:53: PM - DEBUG: 	-> code[replace] old[1:1] new[1:1]
05/07/2020 10:47:53: PM - DEBUG: 	parse_part from 1 to 1 (to 0 in part parser)
05/07/2020 10:47:53: PM - DEBUG: 	diff parser end
05/07/2020 10:48:01: PM - DEBUG: 	diff parser start
05/07/2020 10:48:01: PM - DEBUG: 	line_lengths old: 1; new: 1
05/07/2020 10:48:01: PM - DEBUG: 	-> code[replace] old[1:1] new[1:1]
05/07/2020 10:48:01: PM - DEBUG: 	parse_part from 1 to 1 (to 0 in part parser)
05/07/2020 10:48:01: PM - DEBUG: 	diff parser end
05/07/2020 10:48:01: PM - DEBUG: 	diff parser start
05/07/2020 10:48:01: PM - DEBUG: 	line_lengths old: 1; new: 1
05/07/2020 10:48:01: PM - DEBUG: 	-> code[replace] old[1:1] new[1:1]
05/07/2020 10:48:01: PM - DEBUG: 	parse_part from 1 to 1 (to 0 in part parser)
05/07/2020 10:48:01: PM - DEBUG: 	diff parser end
05/07/2020 10:48:02: PM - DEBUG: 	diff parser start
05/07/2020 10:48:02: PM - DEBUG: 	line_lengths old: 1; new: 1
05/07/2020 10:48:02: PM - DEBUG: 	-> code[replace] old[1:1] new[1:1]
05/07/2020 10:48:02: PM - DEBUG: 	parse_part from 1 to 1 (to 0 in part parser)
05/07/2020 10:48:02: PM - DEBUG: 	diff parser end
05/07/2020 10:48:11: PM - DEBUG: 	diff parser start
05/07/2020 10:48:11: PM - DEBUG: 	line_lengths old: 1; new: 1
05/07/2020 10:48:11: PM - DEBUG: 	-> code[replace] old[1:1] new[1:1]
05/07/2020 10:48:11: PM - DEBUG: 	parse_part from 1 to 1 (to 0 in part parser)
05/07/2020 10:48:11: PM - DEBUG: 	diff parser end
05/07/2020 10:48:19: PM - DEBUG: 	diff parser start
05/07/2020 10:48:19: PM - DEBUG: 	line_lengths old: 1; new: 1
05/07/2020 10:48:19: PM - DEBUG: 	-> code[replace] old[1:1] new[1:1]
05/07/2020 10:48:19: PM - DEBUG: 	parse_part from 1 to 1 (to 0 in part parser)
05/07/2020 10:48:19: PM - DEBUG: 	diff parser end
05/07/2020 10:48:20: PM - DEBUG: 	diff parser start
05/07/2020 10:48:20: PM - DEBUG: 	line_lengths old: 1; new: 1
05/07/2020 10:48:20: PM - DEBUG: 	-> code[replace] old[1:1] new[1:1]
05/07/2020 10:48:20: PM - DEBUG: 	parse_part from 1 to 1 (to 0 in part parser)
05/07/2020 10:48:20: PM - DEBUG: 	diff parser end
05/07/2020 10:48:21: PM - DEBUG: 	diff parser start
05/07/2020 10:48:21: PM - DEBUG: 	line_lengths old: 1; new: 1
05/07/2020 10:48:21: PM - DEBUG: 	-> code[replace] old[1:1] new[1:1]
05/07/2020 10:48:21: PM - DEBUG: 	parse_part from 1 to 1 (to 0 in part parser)
05/07/2020 10:48:21: PM - DEBUG: 	diff parser end
05/07/2020 10:48:41: PM - DEBUG: 	diff parser start
05/07/2020 10:48:41: PM - DEBUG: 	line_lengths old: 1; new: 1
05/07/2020 10:48:41: PM - DEBUG: 	-> code[replace] old[1:1] new[1:1]
05/07/2020 10:48:41: PM - DEBUG: 	parse_part from 1 to 1 (to 0 in part parser)
05/07/2020 10:48:41: PM - DEBUG: 	diff parser end
05/07/2020 10:48:44: PM - DEBUG: 	diff parser start
05/07/2020 10:48:44: PM - DEBUG: 	line_lengths old: 1; new: 1
05/07/2020 10:48:44: PM - DEBUG: 	-> code[replace] old[1:1] new[1:1]
05/07/2020 10:48:44: PM - DEBUG: 	parse_part from 1 to 1 (to 0 in part parser)
05/07/2020 10:48:44: PM - DEBUG: 	diff parser end
05/07/2020 10:50:36: PM - DEBUG: 	diff parser start
05/07/2020 10:50:36: PM - DEBUG: 	line_lengths old: 1; new: 1
05/07/2020 10:50:36: PM - DEBUG: 	-> code[replace] old[1:1] new[1:1]
05/07/2020 10:50:36: PM - DEBUG: 	parse_part from 1 to 1 (to 0 in part parser)
05/07/2020 10:50:36: PM - DEBUG: 	diff parser end
05/07/2020 10:53:39: PM - DEBUG: 	diff parser start
05/07/2020 10:53:39: PM - DEBUG: 	line_lengths old: 1; new: 4
05/07/2020 10:53:39: PM - DEBUG: 	-> code[replace] old[1:1] new[1:4]
05/07/2020 10:53:39: PM - DEBUG: 	parse_part from 1 to 4 (to 3 in part parser)
05/07/2020 10:53:39: PM - DEBUG: 	diff parser end
05/07/2020 10:57:05: PM - DEBUG: 	diff parser start
05/07/2020 10:57:05: PM - DEBUG: 	line_lengths old: 4; new: 1
05/07/2020 10:57:05: PM - DEBUG: 	-> code[replace] old[1:4] new[1:1]
05/07/2020 10:57:05: PM - DEBUG: 	parse_part from 1 to 1 (to 0 in part parser)
05/07/2020 10:57:05: PM - DEBUG: 	diff parser end
05/07/2020 10:57:12: PM - DEBUG: 	diff parser start
05/07/2020 10:57:12: PM - DEBUG: 	line_lengths old: 1; new: 1
05/07/2020 10:57:12: PM - DEBUG: 	-> code[replace] old[1:1] new[1:1]
05/07/2020 10:57:12: PM - DEBUG: 	parse_part from 1 to 1 (to 0 in part parser)
05/07/2020 10:57:12: PM - DEBUG: 	diff parser end
05/07/2020 10:57:19: PM - DEBUG: 	diff parser start
05/07/2020 10:57:19: PM - DEBUG: 	line_lengths old: 1; new: 2
05/07/2020 10:57:19: PM - DEBUG: 	-> code[replace] old[1:1] new[1:2]
05/07/2020 10:57:19: PM - DEBUG: 	parse_part from 1 to 2 (to 1 in part parser)
05/07/2020 10:57:19: PM - DEBUG: 	diff parser end
05/07/2020 10:58:27: PM - DEBUG: 	update_title_pos
05/07/2020 10:58:27: PM - DEBUG: 	update_title_pos
05/07/2020 10:58:27: PM - DEBUG: 	update_title_pos
05/07/2020 10:58:27: PM - DEBUG: 	update_title_pos
05/07/2020 10:58:27: PM - DEBUG: 	update_title_pos
05/07/2020 11:02:12: PM - DEBUG: 	diff parser start
05/07/2020 11:02:12: PM - DEBUG: 	line_lengths old: 2; new: 16
05/07/2020 11:02:12: PM - DEBUG: 	-> code[replace] old[1:2] new[1:16]
05/07/2020 11:02:12: PM - DEBUG: 	parse_part from 1 to 16 (to 15 in part parser)
05/07/2020 11:02:12: PM - DEBUG: 	diff parser end
05/07/2020 11:02:25: PM - DEBUG: 	update_title_pos
05/07/2020 11:02:25: PM - DEBUG: 	findfont: Matching :family=sans-serif:style=normal:variant=normal:weight=0:stretch=normal:size=12.0 to DejaVu Sans ('/home/mario/anaconda3/lib/python3.7/site-packages/matplotlib/mpl-data/fonts/ttf/DejaVuSans.ttf') with score of 0.430000.
05/07/2020 11:02:25: PM - DEBUG: 	update_title_pos
05/07/2020 11:02:25: PM - DEBUG: 	update_title_pos
05/07/2020 11:02:25: PM - DEBUG: 	update_title_pos
05/07/2020 11:02:25: PM - DEBUG: 	update_title_pos
05/07/2020 11:02:25: PM - DEBUG: 	update_title_pos
05/07/2020 11:02:25: PM - DEBUG: 	findfont: Matching :family=sans-serif:style=normal:variant=normal:weight=0:stretch=normal:size=13.0 to DejaVu Sans ('/home/mario/anaconda3/lib/python3.7/site-packages/matplotlib/mpl-data/fonts/ttf/DejaVuSans.ttf') with score of 0.430000.
05/07/2020 11:02:25: PM - DEBUG: 	update_title_pos
05/07/2020 11:02:25: PM - DEBUG: 	update_title_pos
05/07/2020 11:02:25: PM - DEBUG: 	update_title_pos
05/07/2020 11:02:25: PM - DEBUG: 	update_title_pos
05/07/2020 11:02:25: PM - DEBUG: 	update_title_pos
05/07/2020 11:02:25: PM - DEBUG: 	update_title_pos
05/07/2020 11:02:25: PM - DEBUG: 	update_title_pos
05/07/2020 11:02:25: PM - DEBUG: 	update_title_pos
05/07/2020 11:02:25: PM - DEBUG: 	update_title_pos
05/07/2020 11:02:25: PM - DEBUG: 	update_title_pos
05/07/2020 11:02:25: PM - DEBUG: 	update_title_pos
05/07/2020 11:02:25: PM - DEBUG: 	update_title_pos
05/07/2020 11:02:25: PM - DEBUG: 	update_title_pos
05/07/2020 11:02:25: PM - DEBUG: 	update_title_pos
05/07/2020 11:02:25: PM - DEBUG: 	update_title_pos
05/07/2020 11:02:25: PM - DEBUG: 	update_title_pos
05/07/2020 11:02:25: PM - DEBUG: 	update_title_pos
05/07/2020 11:02:25: PM - DEBUG: 	update_title_pos
05/07/2020 11:02:39: PM - DEBUG: 	update_title_pos
05/07/2020 11:02:39: PM - DEBUG: 	update_title_pos
05/07/2020 11:02:39: PM - DEBUG: 	update_title_pos
05/07/2020 11:02:39: PM - DEBUG: 	update_title_pos
05/07/2020 11:02:39: PM - DEBUG: 	update_title_pos
05/07/2020 11:02:39: PM - DEBUG: 	update_title_pos
05/07/2020 11:02:39: PM - DEBUG: 	update_title_pos
05/07/2020 11:02:39: PM - DEBUG: 	update_title_pos
05/07/2020 11:02:39: PM - DEBUG: 	update_title_pos
05/07/2020 11:02:39: PM - DEBUG: 	update_title_pos
05/07/2020 11:02:39: PM - DEBUG: 	update_title_pos
05/07/2020 11:02:39: PM - DEBUG: 	update_title_pos
05/07/2020 11:02:39: PM - DEBUG: 	update_title_pos
05/07/2020 11:02:39: PM - DEBUG: 	update_title_pos
05/07/2020 11:02:39: PM - DEBUG: 	update_title_pos
05/07/2020 11:02:39: PM - DEBUG: 	update_title_pos
05/07/2020 11:02:39: PM - DEBUG: 	update_title_pos
05/07/2020 11:02:39: PM - DEBUG: 	update_title_pos
05/07/2020 11:02:39: PM - DEBUG: 	update_title_pos
05/07/2020 11:02:39: PM - DEBUG: 	update_title_pos
05/07/2020 11:02:39: PM - DEBUG: 	update_title_pos
05/07/2020 11:02:39: PM - DEBUG: 	update_title_pos
05/07/2020 11:02:39: PM - DEBUG: 	update_title_pos
05/07/2020 11:02:39: PM - DEBUG: 	update_title_pos
05/07/2020 11:03:06: PM - DEBUG: 	update_title_pos
05/07/2020 11:03:06: PM - DEBUG: 	update_title_pos
05/07/2020 11:03:06: PM - DEBUG: 	update_title_pos
05/07/2020 11:03:06: PM - DEBUG: 	update_title_pos
05/07/2020 11:03:06: PM - DEBUG: 	update_title_pos
05/07/2020 11:03:06: PM - DEBUG: 	update_title_pos
05/07/2020 11:03:07: PM - DEBUG: 	update_title_pos
05/07/2020 11:03:07: PM - DEBUG: 	update_title_pos
05/07/2020 11:03:07: PM - DEBUG: 	update_title_pos
05/07/2020 11:03:07: PM - DEBUG: 	update_title_pos
05/07/2020 11:03:07: PM - DEBUG: 	update_title_pos
05/07/2020 11:03:07: PM - DEBUG: 	update_title_pos
05/07/2020 11:03:07: PM - DEBUG: 	update_title_pos
05/07/2020 11:03:07: PM - DEBUG: 	update_title_pos
05/07/2020 11:03:07: PM - DEBUG: 	update_title_pos
05/07/2020 11:03:07: PM - DEBUG: 	update_title_pos
05/07/2020 11:03:07: PM - DEBUG: 	update_title_pos
05/07/2020 11:03:07: PM - DEBUG: 	update_title_pos
05/07/2020 11:03:07: PM - DEBUG: 	update_title_pos
05/07/2020 11:03:07: PM - DEBUG: 	update_title_pos
05/07/2020 11:03:07: PM - DEBUG: 	update_title_pos
05/07/2020 11:03:07: PM - DEBUG: 	update_title_pos
05/07/2020 11:03:07: PM - DEBUG: 	update_title_pos
05/07/2020 11:03:07: PM - DEBUG: 	update_title_pos
05/07/2020 11:03:33: PM - DEBUG: 	update_title_pos
05/07/2020 11:03:33: PM - DEBUG: 	update_title_pos
05/07/2020 11:03:33: PM - DEBUG: 	update_title_pos
05/07/2020 11:03:33: PM - DEBUG: 	update_title_pos
05/07/2020 11:03:33: PM - DEBUG: 	update_title_pos
05/07/2020 11:03:33: PM - DEBUG: 	update_title_pos
05/07/2020 11:03:33: PM - DEBUG: 	update_title_pos
05/07/2020 11:03:33: PM - DEBUG: 	update_title_pos
05/07/2020 11:03:33: PM - DEBUG: 	update_title_pos
05/07/2020 11:03:33: PM - DEBUG: 	update_title_pos
05/07/2020 11:03:33: PM - DEBUG: 	update_title_pos
05/07/2020 11:03:33: PM - DEBUG: 	update_title_pos
05/07/2020 11:03:33: PM - DEBUG: 	update_title_pos
05/07/2020 11:03:33: PM - DEBUG: 	update_title_pos
05/07/2020 11:03:33: PM - DEBUG: 	update_title_pos
05/07/2020 11:03:33: PM - DEBUG: 	update_title_pos
05/07/2020 11:03:33: PM - DEBUG: 	update_title_pos
05/07/2020 11:03:33: PM - DEBUG: 	update_title_pos
05/07/2020 11:03:33: PM - DEBUG: 	update_title_pos
05/07/2020 11:03:33: PM - DEBUG: 	update_title_pos
05/07/2020 11:03:33: PM - DEBUG: 	update_title_pos
05/07/2020 11:03:33: PM - DEBUG: 	update_title_pos
05/07/2020 11:03:33: PM - DEBUG: 	update_title_pos
05/07/2020 11:03:33: PM - DEBUG: 	update_title_pos
05/07/2020 11:04:28: PM - DEBUG: 	update_title_pos
05/07/2020 11:04:28: PM - DEBUG: 	update_title_pos
05/07/2020 11:04:28: PM - DEBUG: 	update_title_pos
05/07/2020 11:04:29: PM - DEBUG: 	update_title_pos
05/07/2020 11:04:29: PM - DEBUG: 	update_title_pos
05/07/2020 11:04:44: PM - DEBUG: 	update_title_pos
05/07/2020 11:04:44: PM - DEBUG: 	update_title_pos
05/07/2020 11:04:44: PM - DEBUG: 	update_title_pos
05/07/2020 11:04:44: PM - DEBUG: 	update_title_pos
05/07/2020 11:04:44: PM - DEBUG: 	update_title_pos
05/07/2020 11:04:44: PM - DEBUG: 	update_title_pos
05/07/2020 11:04:44: PM - DEBUG: 	update_title_pos
05/07/2020 11:04:44: PM - DEBUG: 	update_title_pos
05/07/2020 11:04:44: PM - DEBUG: 	update_title_pos
05/07/2020 11:04:44: PM - DEBUG: 	update_title_pos
05/07/2020 11:04:44: PM - DEBUG: 	update_title_pos
05/07/2020 11:04:44: PM - DEBUG: 	update_title_pos
05/07/2020 11:04:44: PM - DEBUG: 	update_title_pos
05/07/2020 11:04:44: PM - DEBUG: 	update_title_pos
05/07/2020 11:04:44: PM - DEBUG: 	update_title_pos
05/07/2020 11:04:44: PM - DEBUG: 	update_title_pos
05/07/2020 11:04:44: PM - DEBUG: 	update_title_pos
05/07/2020 11:04:44: PM - DEBUG: 	update_title_pos
05/07/2020 11:04:44: PM - DEBUG: 	update_title_pos
05/07/2020 11:04:45: PM - DEBUG: 	update_title_pos
05/07/2020 11:04:45: PM - DEBUG: 	update_title_pos
05/07/2020 11:04:45: PM - DEBUG: 	update_title_pos
05/07/2020 11:04:45: PM - DEBUG: 	update_title_pos
05/07/2020 11:04:45: PM - DEBUG: 	update_title_pos
05/07/2020 11:05:50: PM - DEBUG: 	update_title_pos
05/07/2020 11:05:50: PM - DEBUG: 	update_title_pos
05/07/2020 11:05:50: PM - DEBUG: 	update_title_pos
05/07/2020 11:05:50: PM - DEBUG: 	update_title_pos
05/07/2020 11:05:50: PM - DEBUG: 	update_title_pos
05/07/2020 11:05:50: PM - DEBUG: 	update_title_pos
05/07/2020 11:05:50: PM - DEBUG: 	update_title_pos
05/07/2020 11:05:50: PM - DEBUG: 	update_title_pos
05/07/2020 11:05:50: PM - DEBUG: 	update_title_pos
05/07/2020 11:05:50: PM - DEBUG: 	update_title_pos
05/07/2020 11:05:50: PM - DEBUG: 	update_title_pos
05/07/2020 11:05:50: PM - DEBUG: 	update_title_pos
05/07/2020 11:05:50: PM - DEBUG: 	update_title_pos
05/07/2020 11:05:50: PM - DEBUG: 	update_title_pos
05/07/2020 11:05:50: PM - DEBUG: 	update_title_pos
05/07/2020 11:05:50: PM - DEBUG: 	update_title_pos
05/07/2020 11:05:50: PM - DEBUG: 	update_title_pos
05/07/2020 11:05:50: PM - DEBUG: 	update_title_pos
05/07/2020 11:05:50: PM - DEBUG: 	update_title_pos
05/07/2020 11:05:50: PM - DEBUG: 	update_title_pos
05/07/2020 11:05:50: PM - DEBUG: 	update_title_pos
05/07/2020 11:05:50: PM - DEBUG: 	update_title_pos
05/07/2020 11:05:50: PM - DEBUG: 	update_title_pos
05/07/2020 11:05:50: PM - DEBUG: 	update_title_pos
05/07/2020 11:06:16: PM - DEBUG: 	update_title_pos
05/07/2020 11:06:16: PM - DEBUG: 	update_title_pos
05/07/2020 11:06:16: PM - DEBUG: 	update_title_pos
05/07/2020 11:06:16: PM - DEBUG: 	update_title_pos
05/07/2020 11:06:16: PM - DEBUG: 	update_title_pos
05/07/2020 11:06:16: PM - DEBUG: 	update_title_pos
05/07/2020 11:06:16: PM - DEBUG: 	update_title_pos
05/07/2020 11:06:17: PM - DEBUG: 	update_title_pos
05/07/2020 11:06:17: PM - DEBUG: 	update_title_pos
05/07/2020 11:06:17: PM - DEBUG: 	update_title_pos
05/07/2020 11:06:17: PM - DEBUG: 	update_title_pos
05/07/2020 11:06:17: PM - DEBUG: 	update_title_pos
05/07/2020 11:06:17: PM - DEBUG: 	update_title_pos
05/07/2020 11:06:17: PM - DEBUG: 	update_title_pos
05/07/2020 11:06:17: PM - DEBUG: 	update_title_pos
05/07/2020 11:06:17: PM - DEBUG: 	update_title_pos
05/07/2020 11:06:17: PM - DEBUG: 	update_title_pos
05/07/2020 11:06:17: PM - DEBUG: 	update_title_pos
05/07/2020 11:06:17: PM - DEBUG: 	update_title_pos
05/07/2020 11:06:17: PM - DEBUG: 	update_title_pos
05/07/2020 11:06:17: PM - DEBUG: 	update_title_pos
05/07/2020 11:06:17: PM - DEBUG: 	update_title_pos
05/07/2020 11:06:17: PM - DEBUG: 	update_title_pos
05/07/2020 11:06:17: PM - DEBUG: 	update_title_pos
05/07/2020 11:07:05: PM - DEBUG: 	update_title_pos
05/07/2020 11:07:05: PM - DEBUG: 	update_title_pos
05/07/2020 11:07:05: PM - DEBUG: 	update_title_pos
05/07/2020 11:07:05: PM - DEBUG: 	update_title_pos
05/07/2020 11:07:05: PM - DEBUG: 	update_title_pos
05/07/2020 11:07:05: PM - DEBUG: 	update_title_pos
05/07/2020 11:07:05: PM - DEBUG: 	update_title_pos
05/07/2020 11:07:05: PM - DEBUG: 	update_title_pos
05/07/2020 11:07:05: PM - DEBUG: 	update_title_pos
05/07/2020 11:07:05: PM - DEBUG: 	update_title_pos
05/07/2020 11:07:05: PM - DEBUG: 	update_title_pos
05/07/2020 11:07:05: PM - DEBUG: 	update_title_pos
05/07/2020 11:07:05: PM - DEBUG: 	update_title_pos
05/07/2020 11:07:05: PM - DEBUG: 	update_title_pos
05/07/2020 11:07:05: PM - DEBUG: 	update_title_pos
05/07/2020 11:07:05: PM - DEBUG: 	update_title_pos
05/07/2020 11:07:05: PM - DEBUG: 	update_title_pos
05/07/2020 11:07:05: PM - DEBUG: 	update_title_pos
05/07/2020 11:07:05: PM - DEBUG: 	update_title_pos
05/07/2020 11:07:05: PM - DEBUG: 	update_title_pos
05/07/2020 11:07:05: PM - DEBUG: 	update_title_pos
05/07/2020 11:07:05: PM - DEBUG: 	update_title_pos
05/07/2020 11:07:05: PM - DEBUG: 	update_title_pos
05/07/2020 11:07:05: PM - DEBUG: 	update_title_pos
05/07/2020 11:07:12: PM - DEBUG: 	diff parser start
05/07/2020 11:07:12: PM - DEBUG: 	line_lengths old: 16; new: 9
05/07/2020 11:07:12: PM - DEBUG: 	-> code[equal] old[1:8] new[1:8]
05/07/2020 11:07:12: PM - DEBUG: 	copy old[1:4] new[1:4]
05/07/2020 11:07:12: PM - DEBUG: 	parse_part from 5 to 9 (to 8 in part parser)
05/07/2020 11:07:12: PM - DEBUG: 	-> code[replace] old[9:16] new[9:9]
05/07/2020 11:07:12: PM - DEBUG: 	diff parser end
05/07/2020 11:07:27: PM - DEBUG: 	update_title_pos
05/07/2020 11:07:27: PM - DEBUG: 	update_title_pos
05/07/2020 11:07:27: PM - DEBUG: 	update_title_pos
05/07/2020 11:07:27: PM - DEBUG: 	update_title_pos
05/07/2020 11:07:27: PM - DEBUG: 	update_title_pos
05/07/2020 11:07:27: PM - DEBUG: 	update_title_pos
05/07/2020 11:07:27: PM - DEBUG: 	update_title_pos
05/07/2020 11:07:27: PM - DEBUG: 	update_title_pos
05/07/2020 11:07:27: PM - DEBUG: 	update_title_pos
05/07/2020 11:07:27: PM - DEBUG: 	update_title_pos
05/07/2020 11:07:27: PM - DEBUG: 	update_title_pos
05/07/2020 11:07:27: PM - DEBUG: 	update_title_pos
05/07/2020 11:07:27: PM - DEBUG: 	update_title_pos
05/07/2020 11:07:27: PM - DEBUG: 	update_title_pos
05/07/2020 11:07:27: PM - DEBUG: 	update_title_pos
05/07/2020 11:07:27: PM - DEBUG: 	update_title_pos
05/07/2020 11:07:27: PM - DEBUG: 	update_title_pos
05/07/2020 11:07:27: PM - DEBUG: 	update_title_pos
05/07/2020 11:07:27: PM - DEBUG: 	update_title_pos
05/07/2020 11:07:27: PM - DEBUG: 	update_title_pos
05/07/2020 11:07:27: PM - DEBUG: 	update_title_pos
05/07/2020 11:07:27: PM - DEBUG: 	update_title_pos
05/07/2020 11:07:27: PM - DEBUG: 	update_title_pos
05/07/2020 11:07:27: PM - DEBUG: 	update_title_pos
07/07/2020 10:29:30: AM - INFO: 	Started augmenting data excluding NONE
